Build started 11/15/2015 7:38:16 PM.
     1>Project "C:\Users\yash\Desktop\Code\ApplicationServer2\ApplicationServer\Projects\Windows.vs2013\DAF\DAF\DAF.vcxproj" on node 2 (Build target(s)).
     1>ClCompile:
         C:\Program Files (x86)\Microsoft Visual Studio 12.0\VC\bin\CL.exe /c /ZI /nologo /W3 /WX- /Od /Oy- /D WIN32 /D _DEBUG /D _CONSOLE /D _LIB /D _UNICODE /D UNICODE /Gm /EHsc /RTC1 /MDd /GS /fp:precise /Zc:wchar_t /Zc:forScope /Fo"Debug\\" /Fd"Debug\vc120.pdb" /Gd /TP /analyze- /errorReport:prompt ..\..\..\..\stringproc.cpp
         stringproc.cpp
     1>c:\users\yash\desktop\code\applicationserver2\applicationserver\stringproc.cpp(21): warning C4800: 'int' : forcing value to bool 'true' or 'false' (performance warning)
     1>c:\users\yash\desktop\code\applicationserver2\applicationserver\stringproc.cpp(197): warning C4244: 'argument' : conversion from 'ssize_t' to 'unsigned int', possible loss of data
     1>c:\users\yash\desktop\code\applicationserver2\applicationserver\stringproc.cpp(198): warning C4244: 'argument' : conversion from 'ssize_t' to 'unsigned int', possible loss of data
     1>c:\users\yash\desktop\code\applicationserver2\applicationserver\stringproc.cpp(212): warning C4244: '=' : conversion from 'ssize_t' to 'long', possible loss of data
       Link:
         C:\Program Files (x86)\Microsoft Visual Studio 12.0\VC\bin\link.exe /ERRORREPORT:PROMPT /OUT:"C:\Users\yash\Desktop\Code\ApplicationServer2\ApplicationServer\Projects\Windows.vs2013\DAF\Debug\DAF.exe" /INCREMENTAL /NOLOGO kernel32.lib user32.lib gdi32.lib winspool.lib comdlg32.lib advapi32.lib shell32.lib ole32.lib oleaut32.lib uuid.lib odbc32.lib odbccp32.lib /MANIFEST /MANIFESTUAC:"level='asInvoker' uiAccess='false'" /manifest:embed /DEBUG /PDB:"C:\Users\yash\Desktop\Code\ApplicationServer2\ApplicationServer\Projects\Windows.vs2013\DAF\Debug\DAF.pdb" /SUBSYSTEM:CONSOLE /TLBID:1 /DYNAMICBASE /NXCOMPAT /IMPLIB:"C:\Users\yash\Desktop\Code\ApplicationServer2\ApplicationServer\Projects\Windows.vs2013\DAF\Debug\DAF.lib" /MACHINE:X86 Debug\entry.obj
         Debug\Http.obj
         Debug\HttpServer.obj
         Debug\Logger.obj
         Debug\stringproc.obj
         Debug\TcpServer.obj
         DAF.vcxproj -> C:\Users\yash\Desktop\Code\ApplicationServer2\ApplicationServer\Projects\Windows.vs2013\DAF\Debug\DAF.exe
     1>Done Building Project "C:\Users\yash\Desktop\Code\ApplicationServer2\ApplicationServer\Projects\Windows.vs2013\DAF\DAF\DAF.vcxproj" (Build target(s)).

Build succeeded.

Time Elapsed 00:00:04.26
